<?xml version="1.0" encoding="UTF-8"?>
<!-- Generated by org.testng.reporters.JUnitReportReporter -->
<testsuite hostname="DESKTOP-4MSVC5H" failures="0" tests="3" name="sel1.CrossBr" time="71.550" errors="0" timestamp="2023-04-17T07:37:42 IST" skipped="0">
  <testcase classname="sel1.CrossBr" name="petStoreTC1" time="24.349"/>
  <system-out/>
  <testcase classname="sel1.CrossBr" name="petStoreTC1" time="23.501"/>
  <system-out/>
  <testcase classname="sel1.CrossBr" name="petStoreTC1" time="23.700"/>
  <system-out/>
</testsuite> <!-- sel1.CrossBr -->
